[Console output redirected to file:/home/quangnm/Desktop/outputFile.log]
SEGGER J-Link GDB Server V8.38 Command Line Version

JLinkARM.dll V8.38 (DLL compiled May 28 2025 12:45:51)

Command line: -port 3333 -s -device STM32F401RE -endian little -speed 2000 -vd
-----GDB Server start settings-----
GDBInit file:                  none
GDB Server Listening port:     3333
SWO raw output listening port: 2332
Terminal I/O port:             2333
Accept remote connection:      yes
Generate logfile:              off
Verify download:               on
Init regs on start:            off
Silent mode:                   off
Single run mode:               on
Target connection timeout:     0 ms
------J-Link related settings------
J-Link Host interface:         USB
J-Link script:                 none
J-Link settings file:          none
------Target related settings------
Target device:                 STM32F401RE
Target device parameters:      none
Target interface:              JTAG
Target interface speed:        2000kHz
Target endian:                 little

Connecting to J-Link...
J-Link is connected.
Firmware: J-Link V9 compiled May  7 2021 16:26:12
Hardware: V9.60
S/N: 69657403
Feature(s): RDI, GDB, FlashDL, FlashBP, JFlash
Checking target voltage...
Target voltage: 3.32 V
Listening on TCP/IP port 3333
Connecting to target...

J-Link found 2 JTAG devices, Total IRLen = 9
JTAG ID: 0x4BA00477 (Cortex-M4)
Halting core...
Connected to target
Waiting for GDB connection...Connected to 127.0.0.1
GDB client (conn. 12) requested target.xml from GDB Server
Reading common registers: Read register 'r0' (4 bytes) from hardware: 0x49780000
Read register 'r1' (4 bytes) from hardware: 0xDFFFFFFF
Read register 'r2' (4 bytes) from hardware: 0x11270000
Read register 'r3' (4 bytes) from hardware: 0x49780000
Read register 'r4' (4 bytes) from hardware: 0x74000020
Read register 'r5' (4 bytes) from hardware: 0x00000000
Read register 'r6' (4 bytes) from hardware: 0x00000000
Read register 'r7' (4 bytes) from hardware: 0xC87F0120
Read register 'r8' (4 bytes) from hardware: 0x00000000
Read register 'r9' (4 bytes) from hardware: 0x00000000
Read register 'r10' (4 bytes) from hardware: 0x00000000
Read register 'r11' (4 bytes) from hardware: 0x00000000
Read register 'r12' (4 bytes) from hardware: 0x00000000
Read register 'sp' (4 bytes) from hardware: 0xC87F0120
Read register 'lr' (4 bytes) from hardware: 0x0D0A0008
Read register 'pc' (4 bytes) from hardware: 0x0C0A0008
Read register 'xpsr' (4 bytes) from hardware: 0x00000021
Read 4 bytes @ address 0x08000A0C (Data = 0x68BB4602)
Reading register 'msp' = 0x20017FC8
Reading register 'psp' = 0x00000000
Reading 64 bytes @ address 0x20017FC0
Read 4 bytes @ address 0x08000526 (Data = 0xE7F5BF00)
Received monitor command: ReadAPEx 0x0 0xF8
O.K.:0xE00FF003
Received monitor command: ReadMemAP 0x0 0xE00FFFD0 0x8 0x0
O.K.:0x00000000,0x00000000,0x00000000,0x00000000,0x00000011,0x00000004,0x0000000A,0x00000000
Connected to 127.0.0.1
GDB client (conn. 13) requested target.xml from GDB Server
Reading common registers: Read register 'r0' (4 bytes) from hardware: 0x49780000
Read register 'r1' (4 bytes) from hardware: 0xDFFFFFFF
Read register 'r2' (4 bytes) from hardware: 0x11270000
Read register 'r3' (4 bytes) from hardware: 0x49780000
Read register 'r4' (4 bytes) from hardware: 0x74000020
Read register 'r5' (4 bytes) from hardware: 0x00000000
Read register 'r6' (4 bytes) from hardware: 0x00000000
Read register 'r7' (4 bytes) from hardware: 0xC87F0120
Read register 'r8' (4 bytes) from hardware: 0x00000000
Read register 'r9' (4 bytes) from hardware: 0x00000000
Read register 'r10' (4 bytes) from hardware: 0x00000000
Read register 'r11' (4 bytes) from hardware: 0x00000000
Read register 'r12' (4 bytes) from hardware: 0x00000000
Read register 'sp' (4 bytes) from hardware: 0xC87F0120
Read register 'lr' (4 bytes) from hardware: 0x0D0A0008
Read register 'pc' (4 bytes) from hardware: 0x0C0A0008
Read register 'xpsr' (4 bytes) from hardware: 0x00000021
Read 4 bytes @ address 0x08000A0C (Data = 0x68BB4602)
Reading register 'msp' = 0x20017FC8
Reading register 'psp' = 0x00000000
Reading 64 bytes @ address 0x20017FC0
Read 4 bytes @ address 0x08000526 (Data = 0xE7F5BF00)
Received monitor command: reset
Resetting target
Downloading 404 bytes @ address 0x08000000 - Verified OK
Downloading 7416 bytes @ address 0x08000194 - Verified OK
Downloading 24 bytes @ address 0x08001E8C - Verified OK
Downloading 8 bytes @ address 0x08001EA4 - Verified OK
Downloading 4 bytes @ address 0x08001EAC - Verified OK
Downloading 4 bytes @ address 0x08001EB0 - Verified OK
Downloading 12 bytes @ address 0x08001EB4 - Verified OK
Writing register 'pc' = 0x08000884
Read 4 bytes @ address 0x08000884 (Data = 0xD034F8DF)
Read 2 bytes @ address 0x08000884 (Data = 0xF8DF)
Read 2 bytes @ address 0x08000886 (Data = 0xD034)
Read 4 bytes @ address 0xE000ED14 (Data = 0x00000200)
Downloading 4 bytes @ address 0xE000ED14 - Verified OK
Reading common registers: Read register 'r0' (4 bytes) from hardware: 0x00000000
Read register 'r1' (4 bytes) from hardware: 0x00000000
Read register 'r2' (4 bytes) from hardware: 0x00000000
Read register 'r3' (4 bytes) from hardware: 0x00000000
Read register 'r4' (4 bytes) from hardware: 0x00000000
Read register 'r5' (4 bytes) from hardware: 0x00000000
Read register 'r6' (4 bytes) from hardware: 0x00000000
Read register 'r7' (4 bytes) from hardware: 0x00000000
Read register 'r8' (4 bytes) from hardware: 0x00000000
Read register 'r9' (4 bytes) from hardware: 0x00000000
Read register 'r10' (4 bytes) from hardware: 0x00000000
Read register 'r11' (4 bytes) from hardware: 0x00000000
Read register 'r12' (4 bytes) from hardware: 0x00000000
Read register 'sp' (4 bytes) from hardware: 0x00800120
Read register 'lr' (4 bytes) from hardware: 0xFFFFFFFF
Read register 'pc' (4 bytes) from hardware: 0x84080008
Read register 'xpsr' (4 bytes) from hardware: 0x00000001
Read 4 bytes @ address 0x08000884 (Data = 0xD034F8DF)
Read 2 bytes @ address 0x08000884 (Data = 0xF8DF)
Read 2 bytes @ address 0x08000886 (Data = 0xD034)
Reading register 'msp' = 0x20018000
Reading register 'psp' = 0x00000000
Read 4 bytes @ address 0xE000EDFC (Data = 0x01000000)
Downloading 4 bytes @ address 0xE000EDFC - Verified OK
Reading common registers: Read register 'r0' (4 bytes) from hardware: 0x00000000
Read register 'r1' (4 bytes) from hardware: 0x00000000
Read register 'r2' (4 bytes) from hardware: 0x00000000
Read register 'r3' (4 bytes) from hardware: 0x00000000
Read register 'r4' (4 bytes) from hardware: 0x00000000
Read register 'r5' (4 bytes) from hardware: 0x00000000
Read register 'r6' (4 bytes) from hardware: 0x00000000
Read register 'r7' (4 bytes) from hardware: 0x00000000
Read register 'r8' (4 bytes) from hardware: 0x00000000
Read register 'r9' (4 bytes) from hardware: 0x00000000
Read register 'r10' (4 bytes) from hardware: 0x00000000
Read register 'r11' (4 bytes) from hardware: 0x00000000
Read register 'r12' (4 bytes) from hardware: 0x00000000
Read register 'sp' (4 bytes) from hardware: 0x00800120
Read register 'lr' (4 bytes) from hardware: 0xFFFFFFFF
Read register 'pc' (4 bytes) from hardware: 0x84080008
Read register 'xpsr' (4 bytes) from hardware: 0x00000001
Read 4 bytes @ address 0x08000884 (Data = 0xD034F8DF)
Read 2 bytes @ address 0x08000884 (Data = 0xF8DF)
Read 2 bytes @ address 0x08000886 (Data = 0xD034)
Reading register 'msp' = 0x20018000
Reading register 'psp' = 0x00000000
Reading 64 bytes @ address 0x08000500
Read 2 bytes @ address 0x08000506 (Data = 0xF000)
Setting breakpoint @ address 0x08000506, Kind = 2, Type = THUMB, BPHandle = 0x0001
Starting target CPU...
...Breakpoint (set by 'GDB') reached @ address 0x08000506
Reading common registers: Read register 'r0' (4 bytes) from hardware: 0x00000020
Read register 'r1' (4 bytes) from hardware: 0x0C000020
Read register 'r2' (4 bytes) from hardware: 0x74000020
Read register 'r3' (4 bytes) from hardware: 0xB9010008
Read register 'r4' (4 bytes) from hardware: 0x74000020
Read register 'r5' (4 bytes) from hardware: 0x00000000
Read register 'r6' (4 bytes) from hardware: 0x00000000
Read register 'r7' (4 bytes) from hardware: 0xE07F0120
Read register 'r8' (4 bytes) from hardware: 0x00000000
Read register 'r9' (4 bytes) from hardware: 0x00000000
Read register 'r10' (4 bytes) from hardware: 0x00000000
Read register 'r11' (4 bytes) from hardware: 0x00000000
Read register 'r12' (4 bytes) from hardware: 0x00000000
Read register 'sp' (4 bytes) from hardware: 0xE07F0120
Read register 'lr' (4 bytes) from hardware: 0xBB080008
Read register 'pc' (4 bytes) from hardware: 0x06050008
Read register 'xpsr' (4 bytes) from hardware: 0x00000061
Removing breakpoint @ address 0x08000506, Size = 2
Read 4 bytes @ address 0x08000506 (Data = 0xF9F9F000)
Reading register 'msp' = 0x20017FE0
Reading register 'psp' = 0x00000000
Reading 64 bytes @ address 0x20017FC0
Read 4 bytes @ address 0x080008BA (Data = 0x80004770)
Reading 64 bytes @ address 0x08000880
Starting target CPU...
Debugger requested to halt target...
...Target halted (PC = 0x08000A12)
Reading common registers: Read register 'r0' (4 bytes) from hardware: 0x3D160000
Read register 'r1' (4 bytes) from hardware: 0xFFFFFFFF
Read register 'r2' (4 bytes) from hardware: 0x3D160000
Read register 'r3' (4 bytes) from hardware: 0x3D160000
Read register 'r4' (4 bytes) from hardware: 0x74000020
Read register 'r5' (4 bytes) from hardware: 0x00000000
Read register 'r6' (4 bytes) from hardware: 0x00000000
Read register 'r7' (4 bytes) from hardware: 0xC87F0120
Read register 'r8' (4 bytes) from hardware: 0x00000000
Read register 'r9' (4 bytes) from hardware: 0x00000000
Read register 'r10' (4 bytes) from hardware: 0x00000000
Read register 'r11' (4 bytes) from hardware: 0x00000000
Read register 'r12' (4 bytes) from hardware: 0x00000000
Read register 'sp' (4 bytes) from hardware: 0xC87F0120
Read register 'lr' (4 bytes) from hardware: 0x0D0A0008
Read register 'pc' (4 bytes) from hardware: 0x120A0008
Read register 'xpsr' (4 bytes) from hardware: 0x00000021
Read 4 bytes @ address 0x08000A12 (Data = 0x429A68FA)
Reading register 'msp' = 0x20017FC8
Reading register 'psp' = 0x00000000
Reading 64 bytes @ address 0x20017FC0
Read 4 bytes @ address 0x08000526 (Data = 0xE7F5BF00)
Reading 64 bytes @ address 0x08000500
Read 2 bytes @ address 0x0800051E (Data = 0xF242)
Setting breakpoint @ address 0x0800051E, Kind = 2, Type = THUMB, BPHandle = 0x0002
Starting target CPU...
...Breakpoint (set by 'GDB') reached @ address 0x0800051E
Reading common registers: Read register 'r0' (4 bytes) from hardware: 0x00000240
Read register 'r1' (4 bytes) from hardware: 0xDFFFFFFF
Read register 'r2' (4 bytes) from hardware: 0x00002000
Read register 'r3' (4 bytes) from hardware: 0x00000240
Read register 'r4' (4 bytes) from hardware: 0x74000020
Read register 'r5' (4 bytes) from hardware: 0x00000000
Read register 'r6' (4 bytes) from hardware: 0x00000000
Read register 'r7' (4 bytes) from hardware: 0xE07F0120
Read register 'r8' (4 bytes) from hardware: 0x00000000
Read register 'r9' (4 bytes) from hardware: 0x00000000
Read register 'r10' (4 bytes) from hardware: 0x00000000
Read register 'r11' (4 bytes) from hardware: 0x00000000
Read register 'r12' (4 bytes) from hardware: 0x00000000
Read register 'sp' (4 bytes) from hardware: 0xE07F0120
Read register 'lr' (4 bytes) from hardware: 0x1F050008
Read register 'pc' (4 bytes) from hardware: 0x1E050008
Read register 'xpsr' (4 bytes) from hardware: 0x00000001
Removing breakpoint @ address 0x0800051E, Size = 2
Read 4 bytes @ address 0x0800051E (Data = 0x7010F242)
Reading register 'msp' = 0x20017FE0
Reading register 'psp' = 0x00000000
Reading 64 bytes @ address 0x20017FC0
Read 4 bytes @ address 0x080008BA (Data = 0x80004770)
Reading 64 bytes @ address 0x08000880
